  MainGame.cpp
c:\users\bosch\documents\teamportfolio\teamportfoilo\image.h(131): warning C4244: 'return': 'int'에서 'float'(으)로 변환하면서 데이터가 손실될 수 있습니다.
c:\users\bosch\documents\teamportfolio\teamportfoilo\image.h(132): warning C4244: '=': 'float'에서 'int'(으)로 변환하면서 데이터가 손실될 수 있습니다.
c:\users\bosch\documents\teamportfolio\teamportfoilo\image.h(135): warning C4244: 'return': 'int'에서 'float'(으)로 변환하면서 데이터가 손실될 수 있습니다.
c:\users\bosch\documents\teamportfolio\teamportfoilo\image.h(136): warning C4244: '=': 'float'에서 'int'(으)로 변환하면서 데이터가 손실될 수 있습니다.
c:\users\bosch\documents\teamportfolio\teamportfoilo\image.h(141): warning C4244: '=': 'float'에서 'int'(으)로 변환하면서 데이터가 손실될 수 있습니다.
c:\users\bosch\documents\teamportfolio\teamportfoilo\image.h(142): warning C4244: '=': 'float'에서 'int'(으)로 변환하면서 데이터가 손실될 수 있습니다.
c:\users\bosch\documents\teamportfolio\teamportfoilo\maingame.cpp(30): warning C4267: '인수': 'size_t'에서 'int'(으)로 변환하면서 데이터가 손실될 수 있습니다.
c:\users\bosch\documents\teamportfolio\teamportfoilo\maingame.cpp(32): warning C4267: '인수': 'size_t'에서 'int'(으)로 변환하면서 데이터가 손실될 수 있습니다.
c:\users\bosch\documents\teamportfolio\teamportfoilo\maingame.cpp(35): warning C4267: '인수': 'size_t'에서 'int'(으)로 변환하면서 데이터가 손실될 수 있습니다.
c:\users\bosch\documents\teamportfolio\teamportfoilo\maingame.cpp(38): warning C4267: '인수': 'size_t'에서 'int'(으)로 변환하면서 데이터가 손실될 수 있습니다.
c:\users\bosch\documents\teamportfolio\teamportfoilo\maingame.cpp(41): warning C4267: '인수': 'size_t'에서 'int'(으)로 변환하면서 데이터가 손실될 수 있습니다.
c:\users\bosch\documents\teamportfolio\teamportfoilo\maingame.cpp(44): warning C4267: '인수': 'size_t'에서 'int'(으)로 변환하면서 데이터가 손실될 수 있습니다.
c:\users\bosch\documents\teamportfolio\teamportfoilo\maingame.cpp(47): warning C4267: '인수': 'size_t'에서 'int'(으)로 변환하면서 데이터가 손실될 수 있습니다.
c:\users\bosch\documents\teamportfolio\teamportfoilo\maingame.cpp(50): warning C4267: '인수': 'size_t'에서 'int'(으)로 변환하면서 데이터가 손실될 수 있습니다.
c:\users\bosch\documents\teamportfolio\teamportfoilo\maingame.cpp(53): warning C4267: '인수': 'size_t'에서 'int'(으)로 변환하면서 데이터가 손실될 수 있습니다.
c:\users\bosch\documents\teamportfolio\teamportfoilo\maingame.cpp(56): warning C4267: '인수': 'size_t'에서 'int'(으)로 변환하면서 데이터가 손실될 수 있습니다.
c:\users\bosch\documents\teamportfolio\teamportfoilo\maingame.cpp(59): warning C4267: '인수': 'size_t'에서 'int'(으)로 변환하면서 데이터가 손실될 수 있습니다.
c:\users\bosch\documents\teamportfolio\teamportfoilo\maingame.cpp(62): warning C4267: '인수': 'size_t'에서 'int'(으)로 변환하면서 데이터가 손실될 수 있습니다.
c:\users\bosch\documents\teamportfolio\teamportfoilo\maingame.cpp(65): warning C4267: '인수': 'size_t'에서 'int'(으)로 변환하면서 데이터가 손실될 수 있습니다.
c:\users\bosch\documents\teamportfolio\teamportfoilo\maingame.cpp(68): warning C4267: '인수': 'size_t'에서 'int'(으)로 변환하면서 데이터가 손실될 수 있습니다.
c:\users\bosch\documents\teamportfolio\teamportfoilo\maingame.cpp(71): warning C4267: '인수': 'size_t'에서 'int'(으)로 변환하면서 데이터가 손실될 수 있습니다.
  teamPortfoilo.vcxproj -> C:\Users\bosch\Documents\TeamPortfolio\x64\Debug\teamPortfoilo.exe
